\BOOKMARK [0][-]{chapter.1}{\376\377\000I\000n\000t\000r\000o\000d\000u\000c\000t\000i\000o\000n}{}% 1
\BOOKMARK [1][-]{section.1.1}{\376\377\000I\000n\000s\000t\000a\000l\000l\000a\000t\000i\000o\000n}{chapter.1}% 2
\BOOKMARK [1][-]{section.1.2}{\376\377\000X\000-\000R\000a\000y\000\040\000A\000b\000s\000o\000r\000b\000a\000n\000c\000e\000\040\000B\000a\000s\000i\000c\000s}{chapter.1}% 3
\BOOKMARK [1][-]{section.1.3}{\376\377\000E\000x\000a\000m\000p\000l\000e\000\040\000W\000o\000r\000k\000f\000l\000o\000w}{chapter.1}% 4
\BOOKMARK [0][-]{chapter.2}{\376\377\000I\000m\000p\000o\000r\000t\000i\000n\000g\000\040\000D\000a\000t\000a\000\040\000i\000n\000t\000o\000\040\000X\000a\000n\000e\000s\000p\000y}{}% 5
\BOOKMARK [1][-]{section.2.1}{\376\377\000A\000P\000S\000\040\000B\000e\000a\000m\000l\000i\000n\000e\000\040\0008\000-\000B\000M\000-\000B\000\040\000-\000\040\000E\000n\000e\000r\000g\000y\000\040\000S\000t\000a\000c\000k\000\040\000\050\000T\000X\000R\000M\000\051}{chapter.2}% 6
\BOOKMARK [1][-]{section.2.2}{\376\377\000A\000P\000S\000\040\000B\000e\000a\000m\000l\000i\000n\000e\000\040\0008\000-\000B\000M\000-\000B\000\040\000-\000\040\000D\000i\000r\000e\000c\000t\000o\000r\000y\000\040\000o\000f\000\040\000X\000R\000M\000\040\000F\000i\000l\000e\000s}{chapter.2}% 7
\BOOKMARK [1][-]{section.2.3}{\376\377\000S\000S\000R\000L\000\040\000B\000e\000a\000m\000l\000i\000n\000e\000\040\0006\000-\0002\000c\000\040\000-\000\040\000D\000i\000r\000e\000c\000t\000o\000r\000y\000\040\000o\000f\000\040\000X\000R\000M\000\040\000F\000i\000l\000e\000s}{chapter.2}% 8
\BOOKMARK [1][-]{section.2.4}{\376\377\000P\000t\000y\000c\000h\000o\000g\000r\000a\000p\000h\000y\000\040\000f\000r\000o\000m\000\040\0005\000.\0003\000.\0002\000.\0001\000\040\000\050\000A\000L\000S\000\051}{chapter.2}% 9
\BOOKMARK [1][-]{section.2.5}{\376\377\000X\000r\000a\000d\000i\000a\000\040\000I\000m\000a\000g\000e\000\040\000F\000i\000l\000e\000s\000\040\000\050\000.\000x\000r\000m\000\040\000a\000n\000d\000\040\000.\000t\000x\000r\000m\000\051}{chapter.2}% 10
\BOOKMARK [0][-]{chapter.3}{\376\377\000A\000n\000a\000l\000y\000z\000i\000n\000g\000\040\000t\000h\000e\000\040\000D\000a\000t\000a}{}% 11
\BOOKMARK [1][-]{section.3.1}{\376\377\000F\000o\000r\000k\000i\000n\000g\000\040\000t\000h\000e\000\040\000D\000a\000t\000a}{chapter.3}% 12
\BOOKMARK [1][-]{section.3.2}{\376\377\000F\000r\000a\000m\000e\000\040\000A\000l\000i\000g\000n\000m\000e\000n\000t}{chapter.3}% 13
\BOOKMARK [1][-]{section.3.3}{\376\377\000S\000u\000b\000t\000r\000a\000c\000t\000i\000n\000g\000\040\000S\000u\000r\000r\000o\000u\000n\000d\000i\000n\000g\000s}{chapter.3}% 14
\BOOKMARK [1][-]{section.3.4}{\376\377\000S\000p\000e\000c\000t\000r\000u\000m\000\040\000F\000i\000t\000t\000i\000n\000g\000\040\000-\000\040\000K\000-\000E\000d\000g\000e}{chapter.3}% 15
\BOOKMARK [1][-]{section.3.5}{\376\377\000S\000p\000e\000c\000t\000r\000u\000m\000\040\000F\000i\000t\000t\000i\000n\000g\000\040\000-\000\040\000L\000-\000E\000d\000g\000e}{chapter.3}% 16
\BOOKMARK [0][-]{chapter.4}{\376\377\000V\000i\000s\000u\000a\000l\000i\000z\000a\000t\000i\000o\000n\000\040\000o\000f\000\040\000R\000e\000s\000u\000l\000t\000s}{}% 17
\BOOKMARK [1][-]{section.4.1}{\376\377\000P\000l\000o\000t\000t\000i\000n\000g\000\040\000M\000a\000p\000s}{chapter.4}% 18
\BOOKMARK [1][-]{section.4.2}{\376\377\000I\000n\000t\000e\000r\000a\000c\000t\000i\000v\000e\000\040\000\050\000Q\000t\000\051\000\040\000V\000i\000e\000w\000e\000r}{chapter.4}% 19
\BOOKMARK [0][-]{chapter.5}{\376\377\000A\000c\000c\000e\000s\000s\000i\000n\000g\000\040\000t\000h\000e\000\040\000D\000a\000t\000a\000\040\000D\000i\000r\000e\000c\000t\000l\000y}{}% 20
\BOOKMARK [0][-]{chapter.6}{\376\377\000x\000a\000n\000e\000s\000p\000y}{}% 21
\BOOKMARK [1][-]{section.6.1}{\376\377\000x\000a\000n\000e\000s\000p\000y\000\040\000p\000a\000c\000k\000a\000g\000e}{chapter.6}% 22
\BOOKMARK [0][-]{chapter.7}{\376\377\000I\000n\000d\000i\000c\000e\000s\000\040\000a\000n\000d\000\040\000t\000a\000b\000l\000e\000s}{}% 23
\BOOKMARK [0][-]{section*.424}{\376\377\000P\000y\000t\000h\000o\000n\000\040\000M\000o\000d\000u\000l\000e\000\040\000I\000n\000d\000e\000x}{}% 24
\BOOKMARK [0][-]{section*.425}{\376\377\000I\000n\000d\000e\000x}{}% 25
